0 info it worked if it ends with ok
1 verbose cli [ '/Applications/Atom.app/Contents/Resources/app/apm/bin/node',
1 verbose cli   '/Applications/Atom.app/Contents/Resources/app/apm/node_modules/npm/bin/npm-cli.js',
1 verbose cli   'version',
1 verbose cli   'patch',
1 verbose cli   '-m',
1 verbose cli   'Prepare %s release' ]
2 info using npm@3.10.10
3 info using node@v6.9.5
4 info git [ 'status', '--porcelain' ]
5 info lifecycle mizuame-syntax@0.0.1~preversion: mizuame-syntax@0.0.1
6 silly lifecycle mizuame-syntax@0.0.1~preversion: no script for preversion, continuing
7 verbose version.write data { name: 'mizuame-syntax',
7 verbose version.write   theme: 'syntax',
7 verbose version.write   version: '0.0.1',
7 verbose version.write   description: 'test theme',
7 verbose version.write   keywords: [ 'test', 'practice' ],
7 verbose version.write   repository: 'https://github.com/mizuame1009/test_180525',
7 verbose version.write   license: 'MIT',
7 verbose version.write   engines: { atom: '>=1.0.0 <2.0.0' } } to package.json
8 info lifecycle mizuame-syntax@0.0.1~version: mizuame-syntax@0.0.1
9 silly lifecycle mizuame-syntax@0.0.1~version: no script for version, continuing
10 info git [ 'add', '/Users/seki/Seki/Other/Git/test_180525/package.json' ]
11 info git [ 'commit', '-m', 'Prepare 0.0.1 release' ]
12 info git [ 'tag', 'v0.0.1', '-am', 'Prepare 0.0.1 release' ]
13 verbose stack Error: Command failed: git tag v0.0.1 -am Prepare 0.0.1 release
13 verbose stack fatal: tag 'v0.0.1' already exists
13 verbose stack
13 verbose stack     at ChildProcess.exithandler (child_process.js:206:12)
13 verbose stack     at emitTwo (events.js:106:13)
13 verbose stack     at ChildProcess.emit (events.js:191:7)
13 verbose stack     at maybeClose (internal/child_process.js:877:16)
13 verbose stack     at Socket.<anonymous> (internal/child_process.js:334:11)
13 verbose stack     at emitOne (events.js:96:13)
13 verbose stack     at Socket.emit (events.js:188:7)
13 verbose stack     at Pipe._handle.close [as _onclose] (net.js:498:12)
14 verbose cwd /Users/seki/Seki/Other/Git/test_180525
15 error Darwin 17.5.0
16 error argv "/Applications/Atom.app/Contents/Resources/app/apm/bin/node" "/Applications/Atom.app/Contents/Resources/app/apm/node_modules/npm/bin/npm-cli.js" "version" "patch" "-m" "Prepare %s release"
17 error node v6.9.5
18 error npm  v3.10.10
19 error code 128
20 error Command failed: git tag v0.0.1 -am Prepare 0.0.1 release
20 error fatal: tag 'v0.0.1' already exists
21 error If you need help, you may report this error at:
21 error     <https://github.com/npm/npm/issues>
22 verbose exit [ 1, true ]
